<?xml version="1.0" encoding="UTF-8"?>
<testng-results skipped="0" failed="0" ignored="0" total="1" passed="1">
  <reporter-output>
  </reporter-output>
  <suite name="Command line suite" duration-ms="101" started-at="2017-03-23T00:07:10Z" finished-at="2017-03-23T00:07:10Z">
    <groups>
    </groups>
    <test name="Command line test" duration-ms="101" started-at="2017-03-23T00:07:10Z" finished-at="2017-03-23T00:07:10Z">
      <class name="com.doudou.uu.AppTest">
        <test-method status="PASS" signature="testApp()" name="testApp" duration-ms="26" started-at="2017-03-23T08:07:10Z" finished-at="2017-03-23T08:07:10Z">
          <reporter-output>
          </reporter-output>
        </test-method> <!-- testApp -->
      </class> <!-- com.doudou.uu.AppTest -->
    </test> <!-- Command line test -->
  </suite> <!-- Command line suite -->
</testng-results>
