<?xml version="1.0" encoding="UTF-8"?>
<!-- Generated by org.testng.reporters.JUnitXMLReporter -->
<testsuite hostname="doudou-PC" ignored="0" name="Command line test" tests="3" failures="3" timestamp="23 三月 2017 00:07:10 GMT" time="57.012" errors="0">
  <testcase name="f" time="10.88" classname="com.doudou.uu.Chrome2Test">
    <failure type="java.lang.AssertionError" message="expected [webdriver_百度搜索] but found [webdriver_�ٶ�����]">
      <![CDATA[java.lang.AssertionError: expected [webdriver_百度搜索] but found [webdriver_�ٶ�����]
	at com.doudou.uu.Chrome2Test.f(Chrome2Test.java:44)
... Removed 41 stack frames]]>
    </failure>
  </testcase> <!-- f -->
  <testcase name="f" time="7.713" classname="com.doudou.uu.FireFox2Test">
    <failure type="java.lang.AssertionError" message="expected [百度一下，你就知道] but found [webdriver_�ٶ�����]">
      <![CDATA[java.lang.AssertionError: expected [百度一下，你就知道] but found [webdriver_�ٶ�����]
	at com.doudou.uu.FireFox2Test.f(FireFox2Test.java:43)
... Removed 41 stack frames]]>
    </failure>
  </testcase> <!-- f -->
  <testcase name="f" time="0.031" classname="com.doudou.uu.IE2Test">
    <failure type="org.openqa.selenium.WebDriverException" message="Failed to navigate to http://www.baidu.com. This usually means that a call to the COM method IWebBrowser2::Navigate2() failed. (WARNING: The server did not provide any stacktrace information)
Command duration or timeout: 25 milliseconds
Build info: version: &amp;apos;3.0.1&amp;apos;, revision: &amp;apos;1969d75&amp;apos;, time: &amp;apos;2016-10-18 09:49:13 -0700&amp;apos;
System info: host: &amp;apos;doudou-PC&amp;apos;, ip: &amp;apos;192.168.1.102&amp;apos;, os.name: &amp;apos;Windows 7&amp;apos;, os.arch: &amp;apos;x86&amp;apos;, os.version: &amp;apos;6.1&amp;apos;, java.version: &amp;apos;1.8.0_111&amp;apos;
Driver info: org.openqa.selenium.ie.InternetExplorerDriver
Capabilities [{browserAttachTimeout=0, ie.enableFullPageScreenshot=true, enablePersistentHover=true, ie.forceCreateProcessApi=false, ie.forceShellWindowsApi=false, pageLoadStrategy=normal, ignoreZoomSetting=false, ie.fileUploadDialogTimeout=3000, version=8, platform=WINDOWS, nativeEvents=true, ie.ensureCleanSession=false, elementScrollBehavior=0, ie.browserCommandLineSwitches=, requireWindowFocus=false, browserName=internet explorer, initialBrowserUrl=http://localhost:40506/, javascriptEnabled=true, ignoreProtectedModeSettings=false, enableElementCacheCleanup=true, unexpectedAlertBehaviour=dismiss}]
Session ID: 20339a0f-83c1-4499-9b8e-b5eb59a740e3">
      <![CDATA[org.openqa.selenium.WebDriverException: Failed to navigate to http://www.baidu.com. This usually means that a call to the COM method IWebBrowser2::Navigate2() failed. (WARNING: The server did not provide any stacktrace information)
Command duration or timeout: 25 milliseconds
Build info: version: '3.0.1', revision: '1969d75', time: '2016-10-18 09:49:13 -0700'
System info: host: 'doudou-PC', ip: '192.168.1.102', os.name: 'Windows 7', os.arch: 'x86', os.version: '6.1', java.version: '1.8.0_111'
Driver info: org.openqa.selenium.ie.InternetExplorerDriver
Capabilities [{browserAttachTimeout=0, ie.enableFullPageScreenshot=true, enablePersistentHover=true, ie.forceCreateProcessApi=false, ie.forceShellWindowsApi=false, pageLoadStrategy=normal, ignoreZoomSetting=false, ie.fileUploadDialogTimeout=3000, version=8, platform=WINDOWS, nativeEvents=true, ie.ensureCleanSession=false, elementScrollBehavior=0, ie.browserCommandLineSwitches=, requireWindowFocus=false, browserName=internet explorer, initialBrowserUrl=http://localhost:40506/, javascriptEnabled=true, ignoreProtectedModeSettings=false, enableElementCacheCleanup=true, unexpectedAlertBehaviour=dismiss}]
Session ID: 20339a0f-83c1-4499-9b8e-b5eb59a740e3
	at org.openqa.selenium.remote.ErrorHandler.createThrowable(ErrorHandler.java:216)
	at org.openqa.selenium.remote.ErrorHandler.throwIfResponseFailed(ErrorHandler.java:168)
	at org.openqa.selenium.remote.RemoteWebDriver.execute(RemoteWebDriver.java:635)
	at org.openqa.selenium.remote.RemoteWebDriver.get(RemoteWebDriver.java:322)
	at com.doudou.uu.IE2Test.f(IE2Test.java:39)
... Removed 39 stack frames]]>
    </failure>
  </testcase> <!-- f -->
</testsuite> <!-- Command line test -->
